<?xml version="1.0" encoding="UTF-8" ?>
<testsuite tests="12" failures="0" name="cz.muni.fi.mir.mathmlcaneval.test.function.UserRoleServiceTest" time="0.56" errors="0" skipped="0">
  <properties>
[...]
</properties>
  <testcase classname="cz.muni.fi.mir.mathmlcaneval.test.function.UserRoleServiceTest" name="delete" time="0.288"/>
  <testcase classname="cz.muni.fi.mir.mathmlcaneval.test.function.UserRoleServiceTest" name="testCreateError" time="0.011"/>
  <testcase classname="cz.muni.fi.mir.mathmlcaneval.test.function.UserRoleServiceTest" name="deleteError" time="0.017"/>
  <testcase classname="cz.muni.fi.mir.mathmlcaneval.test.function.UserRoleServiceTest" name="testGetAllError" time="0.029"/>
  <testcase classname="cz.muni.fi.mir.mathmlcaneval.test.function.UserRoleServiceTest" name="update" time="0.041"/>
  <testcase classname="cz.muni.fi.mir.mathmlcaneval.test.function.UserRoleServiceTest" name="updateError" time="0.01"/>
  <testcase classname="cz.muni.fi.mir.mathmlcaneval.test.function.UserRoleServiceTest" name="getByID" time="0.033"/>
  <testcase classname="cz.muni.fi.mir.mathmlcaneval.test.function.UserRoleServiceTest" name="getByNameError" time="0.031"/>
  <testcase classname="cz.muni.fi.mir.mathmlcaneval.test.function.UserRoleServiceTest" name="testGetByName" time="0.024"/>
  <testcase classname="cz.muni.fi.mir.mathmlcaneval.test.function.UserRoleServiceTest" name="testCreate" time="0.017"/>
  <testcase classname="cz.muni.fi.mir.mathmlcaneval.test.function.UserRoleServiceTest" name="testGetAll" time="0.033"/>
  <testcase classname="cz.muni.fi.mir.mathmlcaneval.test.function.UserRoleServiceTest" name="getByIDError" time="0.026"/>
</testsuite>